
> @orderly/docs@0.1.0 build /Users/leo/orderly/orderly-web/apps/docs
> next build

- info Loaded env from /Users/leo/orderly/orderly-web/apps/docs/.env
- warn The `app` directory is experimental. To enable, add `appDir: true` to your `next.config.js` configuration under `experimental`. See https://nextjs.org/docs/messages/experimental-app-dir-config
- info Creating an optimized production build...
(node:70954) [DEP_WEBPACK_MODULE_UPDATE_HASH] DeprecationWarning: Module.updateHash: Use new ChunkGraph API
(Use `node --trace-deprecation ...` to show where the warning was created)
- info Compiled successfully
- info Linting and checking validity of types...

Failed to compile.

./components/theming/builder/colors/colorVars.tsx
9:11  Error: Missing "key" prop for element in iterator  react/jsx-key

./components/theming/builder/createGuide/index.tsx
23:6  Warning: React Hook useMemo has a missing dependency: 'onSubmit'. Either include it or remove the dependency array.  react-hooks/exhaustive-deps

./components/theming/builder/palette/customColor.tsx
24:6  Warning: React Hook useEffect has a missing dependency: 'setColor'. Either include it or remove the dependency array.  react-hooks/exhaustive-deps
29:6  Warning: React Hook useCallback has a missing dependency: 'props'. Either include it or remove the dependency array. However, 'props' will change when *any* prop changes, so the preferred fix is to destructure the 'props' object outside of the useCallback call and refer to those specific props inside useCallback.  react-hooks/exhaustive-deps

./components/theming/builder/palette/listView.tsx
20:6  Warning: React Hook useCallback has a missing dependency: 'setCurrentColorPalette'. Either include it or remove the dependency array.  react-hooks/exhaustive-deps
25:6  Warning: React Hook useCallback has a missing dependency: 'setCurrentColorPalette'. Either include it or remove the dependency array.  react-hooks/exhaustive-deps
36:6  Warning: React Hook useEffect has a missing dependency: 'setCurrentColorPalette'. Either include it or remove the dependency array.  react-hooks/exhaustive-deps

./components/theming/builder/palette/selector.tsx
58:6  Warning: React Hook useCallback has missing dependencies: 'colorPalette', 'currentColorPalette', 'queryClient', 'theme.id', and 'updatePalette'. Either include them or remove the dependency array.  react-hooks/exhaustive-deps

./components/theming/themeList.tsx
19:11  Error: Missing "key" prop for element in iterator  react/jsx-key

info  - Need to disable some ESLint rules? Learn more here: https://nextjs.org/docs/basic-features/eslint#disabling-rules
 ELIFECYCLE  Command failed with exit code 1.
